<?xml version="1.0" encoding="UTF-8"?>
<testng-results ignored="0" total="2" passed="2" failed="0" skipped="0">
  <reporter-output>
  </reporter-output>
  <suite started-at="2025-02-24T20:09:44 CET" name="Suite" finished-at="2025-02-24T20:09:58 CET" duration-ms="14209">
    <groups>
      <group name="Master">
        <method signature="TC_001AccountRegistration.verify_account_reg()[pri:0, instance:Testcases.TC_001AccountRegistration@61ce23ac]" name="verify_account_reg" class="Testcases.TC_001AccountRegistration"/>
        <method signature="TC_002Loginpage.verify_loginpage()[pri:0, instance:Testcases.TC_002Loginpage@ccb4b1b]" name="verify_loginpage" class="Testcases.TC_002Loginpage"/>
      </group> <!-- Master -->
      <group name="Sanity">
        <method signature="TC_002Loginpage.verify_loginpage()[pri:0, instance:Testcases.TC_002Loginpage@ccb4b1b]" name="verify_loginpage" class="Testcases.TC_002Loginpage"/>
      </group> <!-- Sanity -->
      <group name="Regression">
        <method signature="TC_001AccountRegistration.verify_account_reg()[pri:0, instance:Testcases.TC_001AccountRegistration@61ce23ac]" name="verify_account_reg" class="Testcases.TC_001AccountRegistration"/>
      </group> <!-- Regression -->
    </groups>
    <test started-at="2025-02-24T20:09:44 CET" name="Test" finished-at="2025-02-24T20:09:58 CET" duration-ms="14209">
      <class name="Testcases.TC_002Loginpage">
        <test-method is-config="true" signature="setup(java.lang.String,java.lang.String)[pri:0, instance:Testcases.TC_002Loginpage@ccb4b1b]" started-at="2025-02-24T20:09:52 CET" name="setup" finished-at="2025-02-24T20:09:56 CET" duration-ms="3667" status="PASS">
          <params>
            <param index="0">
              <value>
                <![CDATA[windows]]>
              </value>
            </param>
            <param index="1">
              <value>
                <![CDATA[chrome]]>
              </value>
            </param>
          </params>
          <reporter-output>
          </reporter-output>
        </test-method> <!-- setup -->
        <test-method signature="verify_loginpage()[pri:0, instance:Testcases.TC_002Loginpage@ccb4b1b]" started-at="2025-02-24T20:09:56 CET" name="verify_loginpage" finished-at="2025-02-24T20:09:57 CET" duration-ms="1861" status="PASS">
          <reporter-output>
          </reporter-output>
        </test-method> <!-- verify_loginpage -->
        <test-method is-config="true" signature="teardown()[pri:0, instance:Testcases.TC_002Loginpage@ccb4b1b]" started-at="2025-02-24T20:09:57 CET" name="teardown" finished-at="2025-02-24T20:09:58 CET" duration-ms="287" status="PASS">
          <reporter-output>
          </reporter-output>
        </test-method> <!-- teardown -->
      </class> <!-- Testcases.TC_002Loginpage -->
      <class name="Testcases.TC_001AccountRegistration">
        <test-method is-config="true" signature="setup(java.lang.String,java.lang.String)[pri:0, instance:Testcases.TC_001AccountRegistration@61ce23ac]" started-at="2025-02-24T20:09:44 CET" name="setup" finished-at="2025-02-24T20:09:49 CET" duration-ms="4815" status="PASS">
          <params>
            <param index="0">
              <value>
                <![CDATA[windows]]>
              </value>
            </param>
            <param index="1">
              <value>
                <![CDATA[chrome]]>
              </value>
            </param>
          </params>
          <reporter-output>
          </reporter-output>
        </test-method> <!-- setup -->
        <test-method signature="verify_account_reg()[pri:0, instance:Testcases.TC_001AccountRegistration@61ce23ac]" started-at="2025-02-24T20:09:49 CET" name="verify_account_reg" finished-at="2025-02-24T20:09:52 CET" duration-ms="2871" status="PASS">
          <reporter-output>
          </reporter-output>
        </test-method> <!-- verify_account_reg -->
        <test-method is-config="true" signature="teardown()[pri:0, instance:Testcases.TC_001AccountRegistration@61ce23ac]" started-at="2025-02-24T20:09:52 CET" name="teardown" finished-at="2025-02-24T20:09:52 CET" duration-ms="384" status="PASS">
          <reporter-output>
          </reporter-output>
        </test-method> <!-- teardown -->
      </class> <!-- Testcases.TC_001AccountRegistration -->
    </test> <!-- Test -->
  </suite> <!-- Suite -->
</testng-results>
